
SQL*Loader: Release 12.1.0.1.0 - Production on Wed Apr 8 11:14:45 2015

Copyright (c) 1982, 2013, Oracle and/or its affiliates.  All rights reserved.

Control File:   feb_orderlines.ctl
Data File:      ../../../data_files/orders/feb_orderlines.csv
  Bad File:     feb_orderlines.bad
  Discard File:  none specified
 
 (Allow all discards)

Number to load: ALL
Number to skip: 0
Errors allowed: 50
Continuation:    none specified
Path used:      Direct

Load is UNRECOVERABLE; invalidation redo is produced.

Table DS3.ORDERLINES, partition FEB2013, loaded from every logical record.
Insert option in effect for this partition: APPEND
TRAILING NULLCOLS option in effect

   Column Name                  Position   Len  Term Encl Datatype
------------------------------ ---------- ----- ---- ---- ---------------------
ORDERLINEID                         FIRST     *   ,  O(") CHARACTER            
ORDERID                              NEXT     *   ,  O(") CHARACTER            
PROD_ID                              NEXT     *   ,  O(") CHARACTER            
QUANTITY                             NEXT     *   ,  O(") CHARACTER            
ORDERDATE                            NEXT     *   ,  O(") DATE yyyy/mm/dd      


Table DS3.ORDERLINES, partition FEB2013:
  5000108 Rows successfully loaded.
  0 Rows not loaded due to data errors.
  0 Rows not loaded because all WHEN clauses were failed.
  0 Rows not loaded because all fields were null.

  Date cache:
   Max Size:      1000
   Entries :        28
   Hits    :   5000080
   Misses  :         0

Bind array size not used in direct path.
Column array  rows :    5000
Stream buffer bytes:  256000
Read   buffer bytes: 1048576

Total logical records skipped:          0
Total logical records read:       5000108
Total logical records rejected:         0
Total logical records discarded:        0
Total stream buffers loaded by SQL*Loader main thread:     1102
Total stream buffers loaded by SQL*Loader load thread:        0

Run began on Wed Apr 08 11:14:45 2015
Run ended on Wed Apr 08 11:15:02 2015

Elapsed time was:     00:00:17.71
CPU time was:         00:00:02.95
